<?xml version="1.0" encoding="UTF-8"?>
<testsuite name="com.example.zuulstudentapp.ZuulStudentAppApplicationTests" tests="1" skipped="0" failures="0" errors="0" timestamp="2020-04-28T00:41:31" hostname="Sujeeths-MBP.fios-router.home" time="0.252">
  <properties/>
  <testcase name="contextLoads()" classname="com.example.zuulstudentapp.ZuulStudentAppApplicationTests" time="0.252"/>
  <system-out><![CDATA[20:41:27.162 [Test worker] DEBUG org.springframework.test.context.BootstrapUtils - Instantiating CacheAwareContextLoaderDelegate from class [org.springframework.test.context.cache.DefaultCacheAwareContextLoaderDelegate]
20:41:27.179 [Test worker] DEBUG org.springframework.test.context.BootstrapUtils - Instantiating BootstrapContext using constructor [public org.springframework.test.context.support.DefaultBootstrapContext(java.lang.Class,org.springframework.test.context.CacheAwareContextLoaderDelegate)]
20:41:27.217 [Test worker] DEBUG org.springframework.test.context.BootstrapUtils - Instantiating TestContextBootstrapper for test class [com.example.zuulstudentapp.ZuulStudentAppApplicationTests] from class [org.springframework.boot.test.context.SpringBootTestContextBootstrapper]
20:41:27.238 [Test worker] INFO org.springframework.boot.test.context.SpringBootTestContextBootstrapper - Neither @ContextConfiguration nor @ContextHierarchy found for test class [com.example.zuulstudentapp.ZuulStudentAppApplicationTests], using SpringBootContextLoader
20:41:27.243 [Test worker] DEBUG org.springframework.test.context.support.AbstractContextLoader - Did not detect default resource location for test class [com.example.zuulstudentapp.ZuulStudentAppApplicationTests]: class path resource [com/example/zuulstudentapp/ZuulStudentAppApplicationTests-context.xml] does not exist
20:41:27.244 [Test worker] DEBUG org.springframework.test.context.support.AbstractContextLoader - Did not detect default resource location for test class [com.example.zuulstudentapp.ZuulStudentAppApplicationTests]: class path resource [com/example/zuulstudentapp/ZuulStudentAppApplicationTestsContext.groovy] does not exist
20:41:27.244 [Test worker] INFO org.springframework.test.context.support.AbstractContextLoader - Could not detect default resource locations for test class [com.example.zuulstudentapp.ZuulStudentAppApplicationTests]: no resource found for suffixes {-context.xml, Context.groovy}.
20:41:27.245 [Test worker] INFO org.springframework.test.context.support.AnnotationConfigContextLoaderUtils - Could not detect default configuration classes for test class [com.example.zuulstudentapp.ZuulStudentAppApplicationTests]: ZuulStudentAppApplicationTests does not declare any static, non-private, non-final, nested classes annotated with @Configuration.
20:41:27.298 [Test worker] DEBUG org.springframework.test.context.support.ActiveProfilesUtils - Could not find an 'annotation declaring class' for annotation type [org.springframework.test.context.ActiveProfiles] and class [com.example.zuulstudentapp.ZuulStudentAppApplicationTests]
20:41:27.391 [Test worker] DEBUG org.springframework.context.annotation.ClassPathScanningCandidateComponentProvider - Identified candidate component class: file [/Users/Avvarus/Desktop/training evning/zuul-student-app/build/classes/java/main/com/example/zuulstudentapp/ZuulStudentAppApplication.class]
20:41:27.393 [Test worker] INFO org.springframework.boot.test.context.SpringBootTestContextBootstrapper - Found @SpringBootConfiguration com.example.zuulstudentapp.ZuulStudentAppApplication for test class com.example.zuulstudentapp.ZuulStudentAppApplicationTests
20:41:27.524 [Test worker] DEBUG org.springframework.boot.test.context.SpringBootTestContextBootstrapper - @TestExecutionListeners is not present for class [com.example.zuulstudentapp.ZuulStudentAppApplicationTests]: using defaults.
20:41:27.525 [Test worker] INFO org.springframework.boot.test.context.SpringBootTestContextBootstrapper - Loaded default TestExecutionListener class names from location [META-INF/spring.factories]: [org.springframework.boot.test.autoconfigure.restdocs.RestDocsTestExecutionListener, org.springframework.boot.test.autoconfigure.web.client.MockRestServiceServerResetTestExecutionListener, org.springframework.boot.test.autoconfigure.web.servlet.MockMvcPrintOnlyOnFailureTestExecutionListener, org.springframework.boot.test.autoconfigure.web.servlet.WebDriverTestExecutionListener, org.springframework.boot.test.mock.mockito.MockitoTestExecutionListener, org.springframework.boot.test.mock.mockito.ResetMocksTestExecutionListener, org.springframework.test.context.web.ServletTestExecutionListener, org.springframework.test.context.support.DirtiesContextBeforeModesTestExecutionListener, org.springframework.test.context.support.DependencyInjectionTestExecutionListener, org.springframework.test.context.support.DirtiesContextTestExecutionListener, org.springframework.test.context.transaction.TransactionalTestExecutionListener, org.springframework.test.context.jdbc.SqlScriptsTestExecutionListener, org.springframework.test.context.event.EventPublishingTestExecutionListener]
20:41:27.548 [Test worker] INFO org.springframework.boot.test.context.SpringBootTestContextBootstrapper - Using TestExecutionListeners: [org.springframework.test.context.web.ServletTestExecutionListener@c0592fb, org.springframework.test.context.support.DirtiesContextBeforeModesTestExecutionListener@20d9f8d9, org.springframework.boot.test.mock.mockito.MockitoTestExecutionListener@1f53faf2, org.springframework.boot.test.autoconfigure.SpringBootDependencyInjectionTestExecutionListener@15f30cab, org.springframework.test.context.support.DirtiesContextTestExecutionListener@35c1d6a4, org.springframework.test.context.transaction.TransactionalTestExecutionListener@5a31eff5, org.springframework.test.context.jdbc.SqlScriptsTestExecutionListener@5ab50a2b, org.springframework.test.context.event.EventPublishingTestExecutionListener@57aec382, org.springframework.boot.test.autoconfigure.restdocs.RestDocsTestExecutionListener@6c615b25, org.springframework.boot.test.autoconfigure.web.client.MockRestServiceServerResetTestExecutionListener@39fa5f1b, org.springframework.boot.test.autoconfigure.web.servlet.MockMvcPrintOnlyOnFailureTestExecutionListener@4becfe5d, org.springframework.boot.test.autoconfigure.web.servlet.WebDriverTestExecutionListener@6aff9671, org.springframework.boot.test.mock.mockito.ResetMocksTestExecutionListener@c214078]
20:41:27.555 [Test worker] DEBUG org.springframework.test.context.support.AbstractDirtiesContextTestExecutionListener - Before test class: context [DefaultTestContext@2785a3dc testClass = ZuulStudentAppApplicationTests, testInstance = [null], testMethod = [null], testException = [null], mergedContextConfiguration = [WebMergedContextConfiguration@1249161e testClass = ZuulStudentAppApplicationTests, locations = '{}', classes = '{class com.example.zuulstudentapp.ZuulStudentAppApplication}', contextInitializerClasses = '[]', activeProfiles = '{}', propertySourceLocations = '{}', propertySourceProperties = '{org.springframework.boot.test.context.SpringBootTestContextBootstrapper=true}', contextCustomizers = set[org.springframework.boot.test.autoconfigure.properties.PropertyMappingContextCustomizer@0, org.springframework.boot.test.autoconfigure.web.servlet.WebDriverContextCustomizerFactory$Customizer@4dd47914, org.springframework.boot.test.context.filter.ExcludeFilterContextCustomizer@2fa0bc7, org.springframework.boot.test.json.DuplicateJsonObjectContextCustomizerFactory$DuplicateJsonObjectContextCustomizer@4300fd3b, org.springframework.boot.test.mock.mockito.MockitoContextCustomizer@0, org.springframework.boot.test.web.client.TestRestTemplateContextCustomizer@623b5777], resourceBasePath = 'src/main/webapp', contextLoader = 'org.springframework.boot.test.context.SpringBootContextLoader', parent = [null]], attributes = map['org.springframework.test.context.web.ServletTestExecutionListener.activateListener' -> true]], class annotated with @DirtiesContext [false] with mode [null].
20:41:27.608 [Test worker] DEBUG org.springframework.test.context.support.TestPropertySourceUtils - Adding inlined properties to environment: {spring.jmx.enabled=false, org.springframework.boot.test.context.SpringBootTestContextBootstrapper=true, server.port=-1}

  .   ____          _            __ _ _
 /\\ / ___'_ __ _ _(_)_ __  __ _ \ \ \ \
( ( )\___ | '_ | '_| | '_ \/ _` | \ \ \ \
 \\/  ___)| |_)| | | | | || (_| |  ) ) ) )
  '  |____| .__|_| |_|_| |_\__, | / / / /
 =========|_|==============|___/=/_/_/_/
 :: Spring Boot ::        (v2.2.6.RELEASE)

2020-04-27 20:41:27.971  INFO 4598 --- [    Test worker] c.e.z.ZuulStudentAppApplicationTests     : Starting ZuulStudentAppApplicationTests on Sujeeths-MBP.fios-router.home with PID 4598 (started by Avvarus in /Users/Avvarus/Desktop/training evning/zuul-student-app)
2020-04-27 20:41:27.974  INFO 4598 --- [    Test worker] c.e.z.ZuulStudentAppApplicationTests     : No active profile set, falling back to default profiles: default
2020-04-27 20:41:31.136  INFO 4598 --- [    Test worker] o.s.s.concurrent.ThreadPoolTaskExecutor  : Initializing ExecutorService 'applicationTaskExecutor'
2020-04-27 20:41:31.784  INFO 4598 --- [    Test worker] c.e.z.ZuulStudentAppApplicationTests     : Started ZuulStudentAppApplicationTests in 4.161 seconds (JVM running for 5.633)
]]></system-out>
  <system-err><![CDATA[]]></system-err>
</testsuite>
